# JRE version: OpenJDK Runtime Environment (8.0_152-b02) (build 1.8.0_152-release-1024-b02)
# Java VM: OpenJDK 64-Bit Server VM (25.152-b02 mixed mode windows-amd64 compressed oops)
Heap:
 PSYoungGen      total 175616K, used 6101K [0x00000000e0000000, 0x00000000ef200000, 0x0000000100000000)
  eden space 159744K, 3% used [0x00000000e0000000,0x00000000e05f5688,0x00000000e9c00000)
  from space 15872K, 0% used [0x00000000e9c00000,0x00000000e9c00000,0x00000000eab80000)
  to   space 16384K, 0% used [0x00000000ee200000,0x00000000ee200000,0x00000000ef200000)
 ParOldGen       total 137216K, used 44634K [0x00000000a0000000, 0x00000000a8600000, 0x00000000e0000000)
  object space 137216K, 32% used [0x00000000a0000000,0x00000000a2b96a10,0x00000000a8600000)
 Metaspace       used 58246K, capacity 60342K, committed 60504K, reserved 1103872K
  class space    used 7893K, capacity 8450K, committed 8536K, reserved 1048576K
GC Heap History (10 events):
Event: 37.201 GC heap before
{Heap before GC invocations=16 (full 2):
 PSYoungGen      total 93184K, used 91751K [0x00000000e0000000, 0x00000000e8900000, 0x0000000100000000)
  eden space 80384K, 100% used [0x00000000e0000000,0x00000000e4e80000,0x00000000e4e80000)
  from space 12800K, 88% used [0x00000000e4e80000,0x00000000e5999e80,0x00000000e5b00000)
  to   space 13824K, 0% used [0x00000000e7b80000,0x00000000e7b80000,0x00000000e8900000)
 ParOldGen       total 92672K, used 16956K [0x00000000a0000000, 0x00000000a5a80000, 0x00000000e0000000)
  object space 92672K, 18% used [0x00000000a0000000,0x00000000a108f3b0,0x00000000a5a80000)
 Metaspace       used 49344K, capacity 50744K, committed 50904K, reserved 1093632K
  class space    used 6728K, capacity 7118K, committed 7128K, reserved 1048576K
Event: 37.217 GC heap after
Heap after GC invocations=16 (full 2):
 PSYoungGen      total 122368K, used 9535K [0x00000000e0000000, 0x00000000e8700000, 0x0000000100000000)
  eden space 110592K, 0% used [0x00000000e0000000,0x00000000e0000000,0x00000000e6c00000)
  from space 11776K, 80% used [0x00000000e7b80000,0x00000000e84cff78,0x00000000e8700000)
  to   space 13824K, 0% used [0x00000000e6c00000,0x00000000e6c00000,0x00000000e7980000)
 ParOldGen       total 92672K, used 19571K [0x00000000a0000000, 0x00000000a5a80000, 0x00000000e0000000)
  object space 92672K, 21% used [0x00000000a0000000,0x00000000a131cfc8,0x00000000a5a80000)
 Metaspace       used 49344K, capacity 50744K, committed 50904K, reserved 1093632K
  class space    used 6728K, capacity 7118K, committed 7128K, reserved 1048576K
}
Event: 39.097 GC heap before
{Heap before GC invocations=17 (full 2):
 PSYoungGen      total 122368K, used 120127K [0x00000000e0000000, 0x00000000e8700000, 0x0000000100000000)
  eden space 110592K, 100% used [0x00000000e0000000,0x00000000e6c00000,0x00000000e6c00000)
  from space 11776K, 80% used [0x00000000e7b80000,0x00000000e84cff78,0x00000000e8700000)
  to   space 13824K, 0% used [0x00000000e6c00000,0x00000000e6c00000,0x00000000e7980000)
 ParOldGen       total 92672K, used 19571K [0x00000000a0000000, 0x00000000a5a80000, 0x00000000e0000000)
  object space 92672K, 21% used [0x00000000a0000000,0x00000000a131cfc8,0x00000000a5a80000)
 Metaspace       used 53740K, capacity 55478K, committed 55512K, reserved 1097728K
  class space    used 7435K, capacity 7883K, committed 7896K, reserved 1048576K
Event: 39.204 GC heap after
Heap after GC invocations=17 (full 2):
 PSYoungGen      total 124416K, used 13073K [0x00000000e0000000, 0x00000000eba80000, 0x0000000100000000)
  eden space 110592K, 0% used [0x00000000e0000000,0x00000000e0000000,0x00000000e6c00000)
  from space 13824K, 94% used [0x00000000e6c00000,0x00000000e78c4728,0x00000000e7980000)
  to   space 15360K, 0% used [0x00000000eab80000,0x00000000eab80000,0x00000000eba80000)
 ParOldGen       total 92672K, used 25774K [0x00000000a0000000, 0x00000000a5a80000, 0x00000000e0000000)
  object space 92672K, 27% used [0x00000000a0000000,0x00000000a192bb10,0x00000000a5a80000)
 Metaspace       used 53740K, capacity 55478K, committed 55512K, reserved 1097728K
  class space    used 7435K, capacity 7883K, committed 7896K, reserved 1048576K
}
Event: 42.899 GC heap before
{Heap before GC invocations=18 (full 2):
 PSYoungGen      total 124416K, used 123665K [0x00000000e0000000, 0x00000000eba80000, 0x0000000100000000)
  eden space 110592K, 100% used [0x00000000e0000000,0x00000000e6c00000,0x00000000e6c00000)
  from space 13824K, 94% used [0x00000000e6c00000,0x00000000e78c4728,0x00000000e7980000)
  to   space 15360K, 0% used [0x00000000eab80000,0x00000000eab80000,0x00000000eba80000)
 ParOldGen       total 92672K, used 25774K [0x00000000a0000000, 0x00000000a5a80000, 0x00000000e0000000)
  object space 92672K, 27% used [0x00000000a0000000,0x00000000a192bb10,0x00000000a5a80000)
 Metaspace       used 55703K, capacity 57464K, committed 57688K, reserved 1099776K
  class space    used 7667K, capacity 8167K, committed 8280K, reserved 1048576K
Event: 43.151 GC heap after
Heap after GC invocations=18 (full 2):
 PSYoungGen      total 175104K, used 10997K [0x00000000e0000000, 0x00000000ebf80000, 0x0000000100000000)
  eden space 159744K, 0% used [0x00000000e0000000,0x00000000e0000000,0x00000000e9c00000)
  from space 15360K, 71% used [0x00000000eab80000,0x00000000eb63d5c0,0x00000000eba80000)
  to   space 15872K, 0% used [0x00000000e9c00000,0x00000000e9c00000,0x00000000eab80000)
 ParOldGen       total 92672K, used 36330K [0x00000000a0000000, 0x00000000a5a80000, 0x00000000e0000000)
  object space 92672K, 39% used [0x00000000a0000000,0x00000000a237a930,0x00000000a5a80000)
 Metaspace       used 55703K, capacity 57464K, committed 57688K, reserved 1099776K
  class space    used 7667K, capacity 8167K, committed 8280K, reserved 1048576K
}
Event: 43.867 GC heap before
{Heap before GC invocations=19 (full 2):
 PSYoungGen      total 175104K, used 30393K [0x00000000e0000000, 0x00000000ebf80000, 0x0000000100000000)
  eden space 159744K, 12% used [0x00000000e0000000,0x00000000e12f11f8,0x00000000e9c00000)
  from space 15360K, 71% used [0x00000000eab80000,0x00000000eb63d5c0,0x00000000eba80000)
  to   space 15872K, 0% used [0x00000000e9c00000,0x00000000e9c00000,0x00000000eab80000)
 ParOldGen       total 92672K, used 36330K [0x00000000a0000000, 0x00000000a5a80000, 0x00000000e0000000)
  object space 92672K, 39% used [0x00000000a0000000,0x00000000a237a930,0x00000000a5a80000)
 Metaspace       used 56897K, capacity 58966K, committed 59028K, reserved 1099776K
  class space    used 7805K, capacity 8354K, committed 8408K, reserved 1048576K
Event: 43.939 GC heap after
Heap after GC invocations=19 (full 2):
 PSYoungGen      total 175616K, used 1807K [0x00000000e0000000, 0x00000000ef200000, 0x0000000100000000)
  eden space 159744K, 0% used [0x00000000e0000000,0x00000000e0000000,0x00000000e9c00000)
  from space 15872K, 11% used [0x00000000e9c00000,0x00000000e9dc3d78,0x00000000eab80000)
  to   space 16384K, 0% used [0x00000000ee200000,0x00000000ee200000,0x00000000ef200000)
 ParOldGen       total 92672K, used 46198K [0x00000000a0000000, 0x00000000a5a80000, 0x00000000e0000000)
  object space 92672K, 49% used [0x00000000a0000000,0x00000000a2d1da30,0x00000000a5a80000)
 Metaspace       used 56897K, capacity 58966K, committed 59028K, reserved 1099776K
  class space    used 7805K, capacity 8354K, committed 8408K, reserved 1048576K
}
Event: 43.939 GC heap before
{Heap before GC invocations=20 (full 3):
 PSYoungGen      total 175616K, used 1807K [0x00000000e0000000, 0x00000000ef200000, 0x0000000100000000)
  eden space 159744K, 0% used [0x00000000e0000000,0x00000000e0000000,0x00000000e9c00000)
  from space 15872K, 11% used [0x00000000e9c00000,0x00000000e9dc3d78,0x00000000eab80000)
  to   space 16384K, 0% used [0x00000000ee200000,0x00000000ee200000,0x00000000ef200000)
 ParOldGen       total 92672K, used 46198K [0x00000000a0000000, 0x00000000a5a80000, 0x00000000e0000000)
  object space 92672K, 49% used [0x00000000a0000000,0x00000000a2d1da30,0x00000000a5a80000)
 Metaspace       used 56897K, capacity 58966K, committed 59028K, reserved 1099776K
  class space    used 7805K, capacity 8354K, committed 8408K, reserved 1048576K
Event: 44.396 GC heap after
Heap after GC invocations=20 (full 3):
 PSYoungGen      total 175616K, used 0K [0x00000000e0000000, 0x00000000ef200000, 0x0000000100000000)
  eden space 159744K, 0% used [0x00000000e0000000,0x00000000e0000000,0x00000000e9c00000)
  from space 15872K, 0% used [0x00000000e9c00000,0x00000000e9c00000,0x00000000eab80000)
  to   space 16384K, 0% used [0x00000000ee200000,0x00000000ee200000,0x00000000ef200000)
 ParOldGen       total 137216K, used 44634K [0x00000000a0000000, 0x00000000a8600000, 0x00000000e0000000)
  object space 137216K, 32% used [0x00000000a0000000,0x00000000a2b96a10,0x00000000a8600000)
 Metaspace       used 56897K, capacity 58966K, committed 59028K, reserved 1099776K
  class space    used 7805K, capacity 8354K, committed 8408K, reserved 1048576K
}

